<?xml version="1.0" encoding="UTF-8"?>
<!-- Generated by org.testng.reporters.JUnitReportReporter -->
<testsuite skipped="0" hostname="DESKTOP-7QD4G53" name="com.crm.qa.testcases.HomePageTest" tests="5" failures="0" timestamp="2019-08-29T09:57:29 CDT" time="123.787" errors="0">
  <testcase name="verifyHomePageTitleTest" time="22.090" classname="com.crm.qa.testcases.HomePageTest"/>
  <testcase name="verifyUserNameLabelTest" time="23.836" classname="com.crm.qa.testcases.HomePageTest"/>
  <testcase name="clickOnContactsLinkTest" time="27.981" classname="com.crm.qa.testcases.HomePageTest"/>
  <testcase name="clickOnDealsLinkTest" time="25.005" classname="com.crm.qa.testcases.HomePageTest"/>
  <testcase name="clickOnTaskLinkTest" time="24.875" classname="com.crm.qa.testcases.HomePageTest"/>
</testsuite> <!-- com.crm.qa.testcases.HomePageTest -->
