<?xml version="1.0" encoding="UTF-8"?>
<!-- Generated by org.testng.reporters.JUnitReportReporter -->
<testsuite skipped="0" hostname="DESKTOP-7QD4G53" name="com.crm.qa.testcases.LoginPageTest" tests="3" failures="0" timestamp="2019-08-29T09:57:29 CDT" time="52.563" errors="0">
  <testcase name="loginPageTitleTest" time="11.886" classname="com.crm.qa.testcases.LoginPageTest"/>
  <testcase name="crmLogoImageTest" time="17.676" classname="com.crm.qa.testcases.LoginPageTest"/>
  <testcase name="loginTest" time="23.001" classname="com.crm.qa.testcases.LoginPageTest"/>
</testsuite> <!-- com.crm.qa.testcases.LoginPageTest -->
